mode: set
github.com/IBM/ibmcloud-volume-file-vpc/common/vpcclient/client/authentication.go:34.64,37.23 2 1
github.com/IBM/ibmcloud-volume-file-vpc/common/vpcclient/client/authentication.go:37.23,39.3 1 0
github.com/IBM/ibmcloud-volume-file-vpc/common/vpcclient/client/authentication.go:40.2,41.12 2 1
github.com/IBM/ibmcloud-volume-file-vpc/common/vpcclient/client/client.go:57.152,68.2 1 1
github.com/IBM/ibmcloud-volume-file-vpc/common/vpcclient/client/client.go:71.60,75.23 4 1
github.com/IBM/ibmcloud-volume-file-vpc/common/vpcclient/client/client.go:75.23,78.3 2 1
github.com/IBM/ibmcloud-volume-file-vpc/common/vpcclient/client/client.go:80.2,80.27 1 1
github.com/IBM/ibmcloud-volume-file-vpc/common/vpcclient/client/client.go:80.27,82.3 1 1
github.com/IBM/ibmcloud-volume-file-vpc/common/vpcclient/client/client.go:85.2,86.34 2 1
github.com/IBM/ibmcloud-volume-file-vpc/common/vpcclient/client/client.go:86.34,88.3 1 1
github.com/IBM/ibmcloud-volume-file-vpc/common/vpcclient/client/client.go:90.2,101.3 1 1
github.com/IBM/ibmcloud-volume-file-vpc/common/vpcclient/client/client.go:105.60,108.2 2 1
github.com/IBM/ibmcloud-volume-file-vpc/common/vpcclient/client/client.go:111.64,116.2 2 1
github.com/IBM/ibmcloud-volume-file-vpc/common/vpcclient/client/client.go:119.70,122.2 2 1
github.com/IBM/ibmcloud-volume-file-vpc/common/vpcclient/client/client.go:125.67,128.2 2 1
github.com/IBM/ibmcloud-volume-file-vpc/common/vpcclient/client/params.go:24.31,26.22 2 1
github.com/IBM/ibmcloud-volume-file-vpc/common/vpcclient/client/params.go:26.22,28.3 1 1
github.com/IBM/ibmcloud-volume-file-vpc/common/vpcclient/client/params.go:29.2,29.15 1 1
github.com/IBM/ibmcloud-volume-file-vpc/common/vpcclient/client/request.go:78.33,80.33 2 1
github.com/IBM/ibmcloud-volume-file-vpc/common/vpcclient/client/request.go:80.33,82.3 1 0
github.com/IBM/ibmcloud-volume-file-vpc/common/vpcclient/client/request.go:83.2,83.13 1 1
github.com/IBM/ibmcloud-volume-file-vpc/common/vpcclient/client/request.go:87.32,89.20 2 1
github.com/IBM/ibmcloud-volume-file-vpc/common/vpcclient/client/request.go:89.20,91.3 1 1
github.com/IBM/ibmcloud-volume-file-vpc/common/vpcclient/client/request.go:92.2,92.43 1 1
github.com/IBM/ibmcloud-volume-file-vpc/common/vpcclient/client/request.go:92.43,94.3 1 1
github.com/IBM/ibmcloud-volume-file-vpc/common/vpcclient/client/request.go:95.2,96.20 2 1
github.com/IBM/ibmcloud-volume-file-vpc/common/vpcclient/client/request.go:96.20,98.3 1 1
github.com/IBM/ibmcloud-volume-file-vpc/common/vpcclient/client/request.go:99.2,102.29 3 1
github.com/IBM/ibmcloud-volume-file-vpc/common/vpcclient/client/request.go:106.62,109.2 2 0
github.com/IBM/ibmcloud-volume-file-vpc/common/vpcclient/client/request.go:112.61,113.26 1 1
github.com/IBM/ibmcloud-volume-file-vpc/common/vpcclient/client/request.go:113.26,115.3 1 0
github.com/IBM/ibmcloud-volume-file-vpc/common/vpcclient/client/request.go:116.2,117.10 2 1
github.com/IBM/ibmcloud-volume-file-vpc/common/vpcclient/client/request.go:121.61,122.26 1 0
github.com/IBM/ibmcloud-volume-file-vpc/common/vpcclient/client/request.go:122.26,124.3 1 0
github.com/IBM/ibmcloud-volume-file-vpc/common/vpcclient/client/request.go:125.2,126.10 2 0
github.com/IBM/ibmcloud-volume-file-vpc/common/vpcclient/client/request.go:130.52,131.90 1 1
github.com/IBM/ibmcloud-volume-file-vpc/common/vpcclient/client/request.go:131.90,135.28 3 0
github.com/IBM/ibmcloud-volume-file-vpc/common/vpcclient/client/request.go:135.28,137.4 1 0
github.com/IBM/ibmcloud-volume-file-vpc/common/vpcclient/client/request.go:139.3,139.50 1 0
github.com/IBM/ibmcloud-volume-file-vpc/common/vpcclient/client/request.go:140.8,142.3 1 1
github.com/IBM/ibmcloud-volume-file-vpc/common/vpcclient/client/request.go:143.2,143.10 1 1
github.com/IBM/ibmcloud-volume-file-vpc/common/vpcclient/client/request.go:148.79,151.2 2 1
github.com/IBM/ibmcloud-volume-file-vpc/common/vpcclient/client/request.go:155.62,158.2 2 1
github.com/IBM/ibmcloud-volume-file-vpc/common/vpcclient/client/request.go:162.54,165.2 2 1
github.com/IBM/ibmcloud-volume-file-vpc/common/vpcclient/client/request.go:168.52,170.16 2 1
github.com/IBM/ibmcloud-volume-file-vpc/common/vpcclient/client/request.go:170.16,172.3 1 0
github.com/IBM/ibmcloud-volume-file-vpc/common/vpcclient/client/request.go:174.2,175.27 2 1
github.com/IBM/ibmcloud-volume-file-vpc/common/vpcclient/client/request.go:175.27,177.17 2 1
github.com/IBM/ibmcloud-volume-file-vpc/common/vpcclient/client/request.go:177.17,179.4 1 0
github.com/IBM/ibmcloud-volume-file-vpc/common/vpcclient/client/request.go:181.3,181.69 1 1
github.com/IBM/ibmcloud-volume-file-vpc/common/vpcclient/client/request.go:181.69,183.4 1 1
github.com/IBM/ibmcloud-volume-file-vpc/common/vpcclient/client/request.go:186.2,187.16 2 1
github.com/IBM/ibmcloud-volume-file-vpc/common/vpcclient/client/request.go:187.16,189.3 1 0
github.com/IBM/ibmcloud-volume-file-vpc/common/vpcclient/client/request.go:191.2,191.30 1 1
github.com/IBM/ibmcloud-volume-file-vpc/common/vpcclient/client/request.go:191.30,193.3 1 1
github.com/IBM/ibmcloud-volume-file-vpc/common/vpcclient/client/request.go:195.2,198.16 3 1
github.com/IBM/ibmcloud-volume-file-vpc/common/vpcclient/client/request.go:198.16,200.3 1 0
github.com/IBM/ibmcloud-volume-file-vpc/common/vpcclient/client/request.go:201.2,205.9 3 1
github.com/IBM/ibmcloud-volume-file-vpc/common/vpcclient/client/request.go:206.47,207.8 1 0
github.com/IBM/ibmcloud-volume-file-vpc/common/vpcclient/client/request.go:209.56,210.31 1 1
github.com/IBM/ibmcloud-volume-file-vpc/common/vpcclient/client/request.go:210.31,212.4 1 1
github.com/IBM/ibmcloud-volume-file-vpc/common/vpcclient/client/request.go:214.10,215.29 1 1
github.com/IBM/ibmcloud-volume-file-vpc/common/vpcclient/client/request.go:215.29,217.18 2 1
github.com/IBM/ibmcloud-volume-file-vpc/common/vpcclient/client/request.go:217.18,219.5 1 1
github.com/IBM/ibmcloud-volume-file-vpc/common/vpcclient/client/request.go:223.2,223.18 1 1
github.com/IBM/ibmcloud-volume-file-vpc/common/vpcclient/client/request.go:226.51,227.26 1 1
github.com/IBM/ibmcloud-volume-file-vpc/common/vpcclient/client/request.go:227.26,229.3 1 0
github.com/IBM/ibmcloud-volume-file-vpc/common/vpcclient/client/request.go:231.2,233.16 3 1
github.com/IBM/ibmcloud-volume-file-vpc/common/vpcclient/client/request.go:233.16,236.3 2 0
github.com/IBM/ibmcloud-volume-file-vpc/common/vpcclient/client/request.go:238.2,239.15 2 1
github.com/IBM/ibmcloud-volume-file-vpc/common/vpcclient/client/request.go:239.15,241.3 1 1
github.com/IBM/ibmcloud-volume-file-vpc/common/vpcclient/client/request.go:244.54,245.26 1 1
github.com/IBM/ibmcloud-volume-file-vpc/common/vpcclient/client/request.go:245.26,247.3 1 0
github.com/IBM/ibmcloud-volume-file-vpc/common/vpcclient/client/request.go:249.2,250.16 2 1
github.com/IBM/ibmcloud-volume-file-vpc/common/vpcclient/client/request.go:250.16,253.3 2 0
github.com/IBM/ibmcloud-volume-file-vpc/common/vpcclient/client/request.go:255.2,255.95 1 1
github.com/IBM/ibmcloud-volume-file-vpc/common/vpcclient/client/request.go:258.62,260.2 1 1
github.com/IBM/ibmcloud-volume-file-vpc/common/vpcclient/client/request.go:265.36,282.2 11 1
github.com/IBM/ibmcloud-volume-file-vpc/common/vpcclient/client/request.go:284.65,287.2 2 1
github.com/IBM/ibmcloud-volume-file-vpc/common/auth/factory.go:29.155,36.16 3 1
github.com/IBM/ibmcloud-volume-file-vpc/common/auth/factory.go:36.16,38.3 1 0
github.com/IBM/ibmcloud-volume-file-vpc/common/auth/factory.go:39.2,39.55 1 1
github.com/IBM/ibmcloud-volume-file-vpc/common/auth/factory.go:39.55,45.17 3 1
github.com/IBM/ibmcloud-volume-file-vpc/common/auth/factory.go:45.17,47.4 1 0
github.com/IBM/ibmcloud-volume-file-vpc/common/auth/factory.go:49.2,49.17 1 1
github.com/IBM/ibmcloud-volume-file-vpc/common/iam/token_exchange_iks.go:54.143,56.16 2 1
github.com/IBM/ibmcloud-volume-file-vpc/common/iam/token_exchange_iks.go:56.16,58.3 1 0
github.com/IBM/ibmcloud-volume-file-vpc/common/iam/token_exchange_iks.go:59.2,63.16 3 1
github.com/IBM/ibmcloud-volume-file-vpc/common/iam/token_exchange_iks.go:63.16,65.3 1 0
github.com/IBM/ibmcloud-volume-file-vpc/common/iam/token_exchange_iks.go:66.2,70.8 1 1
github.com/IBM/ibmcloud-volume-file-vpc/common/iam/token_exchange_iks.go:89.139,92.2 2 1
github.com/IBM/ibmcloud-volume-file-vpc/common/iam/token_exchange_iks.go:95.133,98.16 3 1
github.com/IBM/ibmcloud-volume-file-vpc/common/iam/token_exchange_iks.go:98.16,101.3 2 1
github.com/IBM/ibmcloud-volume-file-vpc/common/iam/token_exchange_iks.go:102.2,103.44 2 0
github.com/IBM/ibmcloud-volume-file-vpc/common/iam/token_exchange_iks.go:107.106,118.2 4 1
github.com/IBM/ibmcloud-volume-file-vpc/common/iam/token_exchange_iks.go:121.140,123.2 1 1
github.com/IBM/ibmcloud-volume-file-vpc/common/iam/token_exchange_iks.go:126.127,128.2 1 1
github.com/IBM/ibmcloud-volume-file-vpc/common/iam/token_exchange_iks.go:130.147,132.2 1 1
github.com/IBM/ibmcloud-volume-file-vpc/common/iam/token_exchange_iks.go:135.86,138.55 3 1
github.com/IBM/ibmcloud-volume-file-vpc/common/iam/token_exchange_iks.go:138.55,141.3 2 1
github.com/IBM/ibmcloud-volume-file-vpc/common/iam/token_exchange_iks.go:142.2,142.16 1 1
github.com/IBM/ibmcloud-volume-file-vpc/common/iam/token_exchange_iks.go:142.16,144.3 1 1
github.com/IBM/ibmcloud-volume-file-vpc/common/iam/token_exchange_iks.go:145.2,145.58 1 1
github.com/IBM/ibmcloud-volume-file-vpc/common/iam/token_exchange_iks.go:149.97,171.16 9 1
github.com/IBM/ibmcloud-volume-file-vpc/common/iam/token_exchange_iks.go:171.16,176.3 2 1
github.com/IBM/ibmcloud-volume-file-vpc/common/iam/token_exchange_iks.go:178.2,178.43 1 1
github.com/IBM/ibmcloud-volume-file-vpc/common/iam/token_exchange_iks.go:178.43,181.3 2 1
github.com/IBM/ibmcloud-volume-file-vpc/common/iam/token_exchange_iks.go:184.2,186.35 2 1
github.com/IBM/ibmcloud-volume-file-vpc/common/iam/token_exchange_iks.go:186.35,195.3 3 1
github.com/IBM/ibmcloud-volume-file-vpc/common/iam/token_exchange_iks.go:197.2,202.45 2 1
