mode: set
github.com/IBM/ibmcloud-volume-file-vpc/common/vpcclient/client/request.go:78.33,80.33 2 1
github.com/IBM/ibmcloud-volume-file-vpc/common/vpcclient/client/request.go:83.2,83.13 1 1
github.com/IBM/ibmcloud-volume-file-vpc/common/vpcclient/client/request.go:80.33,82.3 1 0
github.com/IBM/ibmcloud-volume-file-vpc/common/vpcclient/client/request.go:87.32,89.20 2 1
github.com/IBM/ibmcloud-volume-file-vpc/common/vpcclient/client/request.go:92.2,92.43 1 1
github.com/IBM/ibmcloud-volume-file-vpc/common/vpcclient/client/request.go:95.2,96.20 2 1
github.com/IBM/ibmcloud-volume-file-vpc/common/vpcclient/client/request.go:99.2,102.29 3 1
github.com/IBM/ibmcloud-volume-file-vpc/common/vpcclient/client/request.go:89.20,91.3 1 1
github.com/IBM/ibmcloud-volume-file-vpc/common/vpcclient/client/request.go:92.43,94.3 1 1
github.com/IBM/ibmcloud-volume-file-vpc/common/vpcclient/client/request.go:96.20,98.3 1 1
github.com/IBM/ibmcloud-volume-file-vpc/common/vpcclient/client/request.go:106.62,109.2 2 0
github.com/IBM/ibmcloud-volume-file-vpc/common/vpcclient/client/request.go:112.61,113.26 1 1
github.com/IBM/ibmcloud-volume-file-vpc/common/vpcclient/client/request.go:116.2,117.10 2 1
github.com/IBM/ibmcloud-volume-file-vpc/common/vpcclient/client/request.go:113.26,115.3 1 0
github.com/IBM/ibmcloud-volume-file-vpc/common/vpcclient/client/request.go:121.61,122.26 1 0
github.com/IBM/ibmcloud-volume-file-vpc/common/vpcclient/client/request.go:125.2,126.10 2 0
github.com/IBM/ibmcloud-volume-file-vpc/common/vpcclient/client/request.go:122.26,124.3 1 0
github.com/IBM/ibmcloud-volume-file-vpc/common/vpcclient/client/request.go:130.52,131.90 1 1
github.com/IBM/ibmcloud-volume-file-vpc/common/vpcclient/client/request.go:143.2,143.10 1 1
github.com/IBM/ibmcloud-volume-file-vpc/common/vpcclient/client/request.go:131.90,135.28 3 0
github.com/IBM/ibmcloud-volume-file-vpc/common/vpcclient/client/request.go:139.3,139.50 1 0
github.com/IBM/ibmcloud-volume-file-vpc/common/vpcclient/client/request.go:135.28,137.4 1 0
github.com/IBM/ibmcloud-volume-file-vpc/common/vpcclient/client/request.go:140.8,142.3 1 1
github.com/IBM/ibmcloud-volume-file-vpc/common/vpcclient/client/request.go:148.79,151.2 2 1
github.com/IBM/ibmcloud-volume-file-vpc/common/vpcclient/client/request.go:155.62,158.2 2 1
github.com/IBM/ibmcloud-volume-file-vpc/common/vpcclient/client/request.go:162.54,165.2 2 1
github.com/IBM/ibmcloud-volume-file-vpc/common/vpcclient/client/request.go:168.52,170.16 2 1
github.com/IBM/ibmcloud-volume-file-vpc/common/vpcclient/client/request.go:174.2,175.27 2 1
github.com/IBM/ibmcloud-volume-file-vpc/common/vpcclient/client/request.go:186.2,187.16 2 1
github.com/IBM/ibmcloud-volume-file-vpc/common/vpcclient/client/request.go:191.2,191.30 1 1
github.com/IBM/ibmcloud-volume-file-vpc/common/vpcclient/client/request.go:195.2,198.16 3 1
github.com/IBM/ibmcloud-volume-file-vpc/common/vpcclient/client/request.go:201.2,205.9 3 1
github.com/IBM/ibmcloud-volume-file-vpc/common/vpcclient/client/request.go:223.2,223.18 1 1
github.com/IBM/ibmcloud-volume-file-vpc/common/vpcclient/client/request.go:170.16,172.3 1 0
github.com/IBM/ibmcloud-volume-file-vpc/common/vpcclient/client/request.go:175.27,177.17 2 1
github.com/IBM/ibmcloud-volume-file-vpc/common/vpcclient/client/request.go:181.3,181.69 1 1
github.com/IBM/ibmcloud-volume-file-vpc/common/vpcclient/client/request.go:177.17,179.4 1 0
github.com/IBM/ibmcloud-volume-file-vpc/common/vpcclient/client/request.go:181.69,183.4 1 1
github.com/IBM/ibmcloud-volume-file-vpc/common/vpcclient/client/request.go:187.16,189.3 1 0
github.com/IBM/ibmcloud-volume-file-vpc/common/vpcclient/client/request.go:191.30,193.3 1 1
github.com/IBM/ibmcloud-volume-file-vpc/common/vpcclient/client/request.go:198.16,200.3 1 0
github.com/IBM/ibmcloud-volume-file-vpc/common/vpcclient/client/request.go:206.47,207.8 1 0
github.com/IBM/ibmcloud-volume-file-vpc/common/vpcclient/client/request.go:209.56,210.31 1 1
github.com/IBM/ibmcloud-volume-file-vpc/common/vpcclient/client/request.go:214.10,215.29 1 1
github.com/IBM/ibmcloud-volume-file-vpc/common/vpcclient/client/request.go:210.31,212.4 1 1
github.com/IBM/ibmcloud-volume-file-vpc/common/vpcclient/client/request.go:215.29,217.18 2 1
github.com/IBM/ibmcloud-volume-file-vpc/common/vpcclient/client/request.go:217.18,219.5 1 1
github.com/IBM/ibmcloud-volume-file-vpc/common/vpcclient/client/request.go:226.51,227.26 1 1
github.com/IBM/ibmcloud-volume-file-vpc/common/vpcclient/client/request.go:231.2,233.16 3 1
github.com/IBM/ibmcloud-volume-file-vpc/common/vpcclient/client/request.go:238.2,239.15 2 1
github.com/IBM/ibmcloud-volume-file-vpc/common/vpcclient/client/request.go:227.26,229.3 1 0
github.com/IBM/ibmcloud-volume-file-vpc/common/vpcclient/client/request.go:233.16,236.3 2 0
github.com/IBM/ibmcloud-volume-file-vpc/common/vpcclient/client/request.go:239.15,241.3 1 1
github.com/IBM/ibmcloud-volume-file-vpc/common/vpcclient/client/request.go:244.54,245.26 1 1
github.com/IBM/ibmcloud-volume-file-vpc/common/vpcclient/client/request.go:249.2,250.16 2 1
github.com/IBM/ibmcloud-volume-file-vpc/common/vpcclient/client/request.go:255.2,255.95 1 1
github.com/IBM/ibmcloud-volume-file-vpc/common/vpcclient/client/request.go:245.26,247.3 1 0
github.com/IBM/ibmcloud-volume-file-vpc/common/vpcclient/client/request.go:250.16,253.3 2 0
github.com/IBM/ibmcloud-volume-file-vpc/common/vpcclient/client/request.go:258.62,260.2 1 1
github.com/IBM/ibmcloud-volume-file-vpc/common/vpcclient/client/request.go:265.36,282.2 11 1
github.com/IBM/ibmcloud-volume-file-vpc/common/vpcclient/client/request.go:284.65,287.2 2 1
github.com/IBM/ibmcloud-volume-file-vpc/common/vpcclient/client/authentication.go:34.64,37.23 2 1
github.com/IBM/ibmcloud-volume-file-vpc/common/vpcclient/client/authentication.go:40.2,41.12 2 1
github.com/IBM/ibmcloud-volume-file-vpc/common/vpcclient/client/authentication.go:37.23,39.3 1 0
github.com/IBM/ibmcloud-volume-file-vpc/common/vpcclient/client/client.go:57.152,68.2 1 1
github.com/IBM/ibmcloud-volume-file-vpc/common/vpcclient/client/client.go:71.60,75.23 4 1
github.com/IBM/ibmcloud-volume-file-vpc/common/vpcclient/client/client.go:80.2,80.27 1 1
github.com/IBM/ibmcloud-volume-file-vpc/common/vpcclient/client/client.go:85.2,86.34 2 1
github.com/IBM/ibmcloud-volume-file-vpc/common/vpcclient/client/client.go:90.2,101.3 1 1
github.com/IBM/ibmcloud-volume-file-vpc/common/vpcclient/client/client.go:75.23,78.3 2 1
github.com/IBM/ibmcloud-volume-file-vpc/common/vpcclient/client/client.go:80.27,82.3 1 1
github.com/IBM/ibmcloud-volume-file-vpc/common/vpcclient/client/client.go:86.34,88.3 1 1
github.com/IBM/ibmcloud-volume-file-vpc/common/vpcclient/client/client.go:105.60,108.2 2 1
github.com/IBM/ibmcloud-volume-file-vpc/common/vpcclient/client/client.go:111.64,116.2 2 1
github.com/IBM/ibmcloud-volume-file-vpc/common/vpcclient/client/client.go:119.70,122.2 2 1
github.com/IBM/ibmcloud-volume-file-vpc/common/vpcclient/client/client.go:125.67,128.2 2 1
github.com/IBM/ibmcloud-volume-file-vpc/common/vpcclient/client/params.go:24.31,26.22 2 1
github.com/IBM/ibmcloud-volume-file-vpc/common/vpcclient/client/params.go:29.2,29.15 1 1
github.com/IBM/ibmcloud-volume-file-vpc/common/vpcclient/client/params.go:26.22,28.3 1 1
github.com/IBM/ibmcloud-volume-file-vpc/common/vpcclient/riaas/config.go:43.43,44.25 1 1
github.com/IBM/ibmcloud-volume-file-vpc/common/vpcclient/riaas/config.go:48.2,48.27 1 1
github.com/IBM/ibmcloud-volume-file-vpc/common/vpcclient/riaas/config.go:44.25,46.3 1 1
github.com/IBM/ibmcloud-volume-file-vpc/common/vpcclient/riaas/config.go:51.34,53.2 1 1
github.com/IBM/ibmcloud-volume-file-vpc/common/vpcclient/riaas/riaas.go:49.43,51.16 2 1
github.com/IBM/ibmcloud-volume-file-vpc/common/vpcclient/riaas/riaas.go:56.2,59.32 2 1
github.com/IBM/ibmcloud-volume-file-vpc/common/vpcclient/riaas/riaas.go:64.2,65.30 2 1
github.com/IBM/ibmcloud-volume-file-vpc/common/vpcclient/riaas/riaas.go:69.2,76.31 3 1
github.com/IBM/ibmcloud-volume-file-vpc/common/vpcclient/riaas/riaas.go:79.2,82.8 1 1
github.com/IBM/ibmcloud-volume-file-vpc/common/vpcclient/riaas/riaas.go:51.16,53.3 1 1
github.com/IBM/ibmcloud-volume-file-vpc/common/vpcclient/riaas/riaas.go:59.32,61.3 1 1
github.com/IBM/ibmcloud-volume-file-vpc/common/vpcclient/riaas/riaas.go:65.30,67.3 1 1
github.com/IBM/ibmcloud-volume-file-vpc/common/vpcclient/riaas/riaas.go:76.31,78.3 1 1
github.com/IBM/ibmcloud-volume-file-vpc/common/vpcclient/riaas/riaas.go:87.45,90.2 2 1
github.com/IBM/ibmcloud-volume-file-vpc/common/vpcclient/riaas/riaas.go:93.69,95.2 1 1
github.com/IBM/ibmcloud-volume-file-vpc/common/vpcclient/riaas/riaas.go:113.83,115.2 1 1
github.com/IBM/ibmcloud-volume-file-vpc/common/vpcclient/vpcfilevolume/get_file_share.go:30.104,50.16 11 1
github.com/IBM/ibmcloud-volume-file-vpc/common/vpcclient/vpcfilevolume/get_file_share.go:54.2,54.20 1 1
github.com/IBM/ibmcloud-volume-file-vpc/common/vpcclient/vpcfilevolume/get_file_share.go:50.16,52.3 1 1
github.com/IBM/ibmcloud-volume-file-vpc/common/vpcclient/vpcfilevolume/get_file_share.go:58.112,67.16 6 1
github.com/IBM/ibmcloud-volume-file-vpc/common/vpcclient/vpcfilevolume/get_file_share.go:71.2,71.19 1 1
github.com/IBM/ibmcloud-volume-file-vpc/common/vpcclient/vpcfilevolume/get_file_share.go:77.2,77.17 1 1
github.com/IBM/ibmcloud-volume-file-vpc/common/vpcclient/vpcfilevolume/get_file_share.go:67.16,69.3 1 1
github.com/IBM/ibmcloud-volume-file-vpc/common/vpcclient/vpcfilevolume/get_file_share.go:71.19,73.26 2 1
github.com/IBM/ibmcloud-volume-file-vpc/common/vpcclient/vpcfilevolume/get_file_share.go:73.26,75.4 1 1
github.com/IBM/ibmcloud-volume-file-vpc/common/vpcclient/vpcfilevolume/get_file_share_target.go:30.133,51.16 11 1
github.com/IBM/ibmcloud-volume-file-vpc/common/vpcclient/vpcfilevolume/get_file_share_target.go:55.2,55.26 1 1
github.com/IBM/ibmcloud-volume-file-vpc/common/vpcclient/vpcfilevolume/get_file_share_target.go:51.16,53.3 1 0
github.com/IBM/ibmcloud-volume-file-vpc/common/vpcclient/vpcfilevolume/get_file_share_target.go:59.141,68.16 6 1
github.com/IBM/ibmcloud-volume-file-vpc/common/vpcclient/vpcfilevolume/get_file_share_target.go:72.2,72.20 1 1
github.com/IBM/ibmcloud-volume-file-vpc/common/vpcclient/vpcfilevolume/get_file_share_target.go:78.2,78.17 1 1
github.com/IBM/ibmcloud-volume-file-vpc/common/vpcclient/vpcfilevolume/get_file_share_target.go:68.16,70.3 1 1
github.com/IBM/ibmcloud-volume-file-vpc/common/vpcclient/vpcfilevolume/get_file_share_target.go:72.20,74.27 2 1
github.com/IBM/ibmcloud-volume-file-vpc/common/vpcclient/vpcfilevolume/get_file_share_target.go:74.27,76.4 1 1
github.com/IBM/ibmcloud-volume-file-vpc/common/vpcclient/vpcfilevolume/list_file_share_targets.go:30.162,52.20 11 1
github.com/IBM/ibmcloud-volume-file-vpc/common/vpcclient/vpcfilevolume/list_file_share_targets.go:58.2,59.16 2 1
github.com/IBM/ibmcloud-volume-file-vpc/common/vpcclient/vpcfilevolume/list_file_share_targets.go:63.2,63.22 1 1
github.com/IBM/ibmcloud-volume-file-vpc/common/vpcclient/vpcfilevolume/list_file_share_targets.go:52.20,53.36 1 1
github.com/IBM/ibmcloud-volume-file-vpc/common/vpcclient/vpcfilevolume/list_file_share_targets.go:53.36,55.4 1 1
github.com/IBM/ibmcloud-volume-file-vpc/common/vpcclient/vpcfilevolume/list_file_share_targets.go:59.16,61.3 1 1
github.com/IBM/ibmcloud-volume-file-vpc/common/vpcclient/vpcfilevolume/list_file_shares.go:31.153,51.15 10 1
github.com/IBM/ibmcloud-volume-file-vpc/common/vpcclient/vpcfilevolume/list_file_shares.go:55.2,55.17 1 1
github.com/IBM/ibmcloud-volume-file-vpc/common/vpcclient/vpcfilevolume/list_file_shares.go:59.2,59.20 1 1
github.com/IBM/ibmcloud-volume-file-vpc/common/vpcclient/vpcfilevolume/list_file_shares.go:68.2,69.16 2 1
github.com/IBM/ibmcloud-volume-file-vpc/common/vpcclient/vpcfilevolume/list_file_shares.go:73.2,73.21 1 1
github.com/IBM/ibmcloud-volume-file-vpc/common/vpcclient/vpcfilevolume/list_file_shares.go:51.15,53.3 1 1
github.com/IBM/ibmcloud-volume-file-vpc/common/vpcclient/vpcfilevolume/list_file_shares.go:55.17,57.3 1 1
github.com/IBM/ibmcloud-volume-file-vpc/common/vpcclient/vpcfilevolume/list_file_shares.go:59.20,60.36 1 1
github.com/IBM/ibmcloud-volume-file-vpc/common/vpcclient/vpcfilevolume/list_file_shares.go:63.3,63.30 1 1
github.com/IBM/ibmcloud-volume-file-vpc/common/vpcclient/vpcfilevolume/list_file_shares.go:60.36,62.4 1 1
github.com/IBM/ibmcloud-volume-file-vpc/common/vpcclient/vpcfilevolume/list_file_shares.go:63.30,65.4 1 1
github.com/IBM/ibmcloud-volume-file-vpc/common/vpcclient/vpcfilevolume/list_file_shares.go:69.16,71.3 1 1
github.com/IBM/ibmcloud-volume-file-vpc/common/vpcclient/vpcfilevolume/create_file_share.go:30.120,49.16 10 1
github.com/IBM/ibmcloud-volume-file-vpc/common/vpcclient/vpcfilevolume/create_file_share.go:53.2,53.20 1 1
github.com/IBM/ibmcloud-volume-file-vpc/common/vpcclient/vpcfilevolume/create_file_share.go:49.16,51.3 1 1
github.com/IBM/ibmcloud-volume-file-vpc/common/vpcclient/vpcfilevolume/create_file_share_target.go:32.147,53.16 11 1
github.com/IBM/ibmcloud-volume-file-vpc/common/vpcclient/vpcfilevolume/create_file_share_target.go:56.2,57.26 2 1
github.com/IBM/ibmcloud-volume-file-vpc/common/vpcclient/vpcfilevolume/create_file_share_target.go:53.16,55.3 1 1
github.com/IBM/ibmcloud-volume-file-vpc/common/vpcclient/vpcfilevolume/delete_file_share.go:30.90,48.16 9 1
github.com/IBM/ibmcloud-volume-file-vpc/common/vpcclient/vpcfilevolume/delete_file_share.go:52.2,52.12 1 1
github.com/IBM/ibmcloud-volume-file-vpc/common/vpcclient/vpcfilevolume/delete_file_share.go:48.16,50.3 1 1
github.com/IBM/ibmcloud-volume-file-vpc/common/vpcclient/vpcfilevolume/delete_file_share_target.go:31.144,49.16 9 1
github.com/IBM/ibmcloud-volume-file-vpc/common/vpcclient/vpcfilevolume/delete_file_share_target.go:57.2,58.18 2 1
github.com/IBM/ibmcloud-volume-file-vpc/common/vpcclient/vpcfilevolume/delete_file_share_target.go:49.16,51.60 2 1
github.com/IBM/ibmcloud-volume-file-vpc/common/vpcclient/vpcfilevolume/delete_file_share_target.go:51.60,55.4 2 1
github.com/IBM/ibmcloud-volume-file-vpc/common/vpcclient/vpcfilevolume/expand_volume.go:30.134,49.16 11 1
github.com/IBM/ibmcloud-volume-file-vpc/common/vpcclient/vpcfilevolume/expand_volume.go:54.2,54.20 1 1
github.com/IBM/ibmcloud-volume-file-vpc/common/vpcclient/vpcfilevolume/expand_volume.go:49.16,52.3 2 1
github.com/IBM/ibmcloud-volume-file-vpc/common/vpcclient/vpcfilevolume/file_share_service.go:76.56,80.2 1 1
github.com/IBM/ibmcloud-volume-file-vpc/common/vpcclient/vpcfilevolume/list_subnets.go:25.152,45.15 10 0
github.com/IBM/ibmcloud-volume-file-vpc/common/vpcclient/vpcfilevolume/list_subnets.go:49.2,49.17 1 0
github.com/IBM/ibmcloud-volume-file-vpc/common/vpcclient/vpcfilevolume/list_subnets.go:53.2,53.20 1 0
github.com/IBM/ibmcloud-volume-file-vpc/common/vpcclient/vpcfilevolume/list_subnets.go:59.2,60.16 2 0
github.com/IBM/ibmcloud-volume-file-vpc/common/vpcclient/vpcfilevolume/list_subnets.go:64.2,64.22 1 0
github.com/IBM/ibmcloud-volume-file-vpc/common/vpcclient/vpcfilevolume/list_subnets.go:45.15,47.3 1 0
github.com/IBM/ibmcloud-volume-file-vpc/common/vpcclient/vpcfilevolume/list_subnets.go:49.17,51.3 1 0
github.com/IBM/ibmcloud-volume-file-vpc/common/vpcclient/vpcfilevolume/list_subnets.go:53.20,54.36 1 0
github.com/IBM/ibmcloud-volume-file-vpc/common/vpcclient/vpcfilevolume/list_subnets.go:54.36,56.4 1 0
github.com/IBM/ibmcloud-volume-file-vpc/common/vpcclient/vpcfilevolume/list_subnets.go:60.16,62.3 1 0
github.com/IBM/ibmcloud-volume-file-vpc/common/iam/token_exchange_iks.go:54.143,56.16 2 1
github.com/IBM/ibmcloud-volume-file-vpc/common/iam/token_exchange_iks.go:59.2,63.16 3 1
github.com/IBM/ibmcloud-volume-file-vpc/common/iam/token_exchange_iks.go:66.2,70.8 1 1
github.com/IBM/ibmcloud-volume-file-vpc/common/iam/token_exchange_iks.go:56.16,58.3 1 0
github.com/IBM/ibmcloud-volume-file-vpc/common/iam/token_exchange_iks.go:63.16,65.3 1 0
github.com/IBM/ibmcloud-volume-file-vpc/common/iam/token_exchange_iks.go:89.139,92.2 2 1
github.com/IBM/ibmcloud-volume-file-vpc/common/iam/token_exchange_iks.go:95.133,98.16 3 1
github.com/IBM/ibmcloud-volume-file-vpc/common/iam/token_exchange_iks.go:102.2,103.44 2 0
github.com/IBM/ibmcloud-volume-file-vpc/common/iam/token_exchange_iks.go:98.16,101.3 2 1
github.com/IBM/ibmcloud-volume-file-vpc/common/iam/token_exchange_iks.go:107.106,118.2 4 1
github.com/IBM/ibmcloud-volume-file-vpc/common/iam/token_exchange_iks.go:121.140,123.2 1 1
github.com/IBM/ibmcloud-volume-file-vpc/common/iam/token_exchange_iks.go:126.127,128.2 1 1
github.com/IBM/ibmcloud-volume-file-vpc/common/iam/token_exchange_iks.go:130.147,132.2 1 1
github.com/IBM/ibmcloud-volume-file-vpc/common/iam/token_exchange_iks.go:135.86,138.55 3 1
github.com/IBM/ibmcloud-volume-file-vpc/common/iam/token_exchange_iks.go:142.2,142.16 1 1
github.com/IBM/ibmcloud-volume-file-vpc/common/iam/token_exchange_iks.go:145.2,145.58 1 1
github.com/IBM/ibmcloud-volume-file-vpc/common/iam/token_exchange_iks.go:138.55,141.3 2 1
github.com/IBM/ibmcloud-volume-file-vpc/common/iam/token_exchange_iks.go:142.16,144.3 1 1
github.com/IBM/ibmcloud-volume-file-vpc/common/iam/token_exchange_iks.go:149.97,171.16 9 1
github.com/IBM/ibmcloud-volume-file-vpc/common/iam/token_exchange_iks.go:178.2,178.43 1 1
github.com/IBM/ibmcloud-volume-file-vpc/common/iam/token_exchange_iks.go:184.2,186.35 2 1
github.com/IBM/ibmcloud-volume-file-vpc/common/iam/token_exchange_iks.go:197.2,202.45 2 1
github.com/IBM/ibmcloud-volume-file-vpc/common/iam/token_exchange_iks.go:171.16,176.3 2 1
github.com/IBM/ibmcloud-volume-file-vpc/common/iam/token_exchange_iks.go:178.43,181.3 2 1
github.com/IBM/ibmcloud-volume-file-vpc/common/iam/token_exchange_iks.go:186.35,195.3 3 1
github.com/IBM/ibmcloud-volume-file-vpc/common/auth/factory.go:29.155,36.16 3 1
github.com/IBM/ibmcloud-volume-file-vpc/common/auth/factory.go:39.2,39.55 1 1
github.com/IBM/ibmcloud-volume-file-vpc/common/auth/factory.go:49.2,49.17 1 1
github.com/IBM/ibmcloud-volume-file-vpc/common/auth/factory.go:36.16,38.3 1 0
github.com/IBM/ibmcloud-volume-file-vpc/common/auth/factory.go:39.55,45.17 3 1
github.com/IBM/ibmcloud-volume-file-vpc/common/auth/factory.go:45.17,47.4 1 0
github.com/IBM/ibmcloud-volume-file-vpc/pkg/metadata/fake_node_metadata.go:43.50,50.31 6 1
github.com/IBM/ibmcloud-volume-file-vpc/pkg/metadata/fake_node_metadata.go:53.2,53.20 1 1
github.com/IBM/ibmcloud-volume-file-vpc/pkg/metadata/fake_node_metadata.go:56.2,57.28 2 1
github.com/IBM/ibmcloud-volume-file-vpc/pkg/metadata/fake_node_metadata.go:50.31,52.3 1 0
github.com/IBM/ibmcloud-volume-file-vpc/pkg/metadata/fake_node_metadata.go:53.20,55.3 1 0
github.com/IBM/ibmcloud-volume-file-vpc/pkg/metadata/fake_node_metadata.go:60.56,64.2 3 0
github.com/IBM/ibmcloud-volume-file-vpc/pkg/metadata/fake_node_metadata.go:66.66,70.2 3 0
github.com/IBM/ibmcloud-volume-file-vpc/pkg/metadata/fake_node_metadata.go:72.64,79.2 4 1
github.com/IBM/ibmcloud-volume-file-vpc/pkg/metadata/fake_node_metadata.go:81.77,85.40 4 0
github.com/IBM/ibmcloud-volume-file-vpc/pkg/metadata/fake_node_metadata.go:90.2,92.12 1 0
github.com/IBM/ibmcloud-volume-file-vpc/pkg/metadata/fake_node_metadata.go:85.40,89.3 1 0
github.com/IBM/ibmcloud-volume-file-vpc/pkg/metadata/fake_node_metadata.go:95.52,102.33 6 1
github.com/IBM/ibmcloud-volume-file-vpc/pkg/metadata/fake_node_metadata.go:105.2,105.20 1 1
github.com/IBM/ibmcloud-volume-file-vpc/pkg/metadata/fake_node_metadata.go:108.2,109.28 2 1
github.com/IBM/ibmcloud-volume-file-vpc/pkg/metadata/fake_node_metadata.go:102.33,104.3 1 0
github.com/IBM/ibmcloud-volume-file-vpc/pkg/metadata/fake_node_metadata.go:105.20,107.3 1 0
github.com/IBM/ibmcloud-volume-file-vpc/pkg/metadata/fake_node_metadata.go:112.58,116.2 3 0
github.com/IBM/ibmcloud-volume-file-vpc/pkg/metadata/fake_node_metadata.go:118.68,122.2 3 0
github.com/IBM/ibmcloud-volume-file-vpc/pkg/metadata/fake_node_metadata.go:124.66,131.2 4 1
github.com/IBM/ibmcloud-volume-file-vpc/pkg/metadata/fake_node_metadata.go:133.79,137.42 4 0
github.com/IBM/ibmcloud-volume-file-vpc/pkg/metadata/fake_node_metadata.go:142.2,144.12 1 0
github.com/IBM/ibmcloud-volume-file-vpc/pkg/metadata/fake_node_metadata.go:137.42,141.3 1 0
github.com/IBM/ibmcloud-volume-file-vpc/pkg/metadata/fake_node_metadata.go:147.48,154.29 6 1
github.com/IBM/ibmcloud-volume-file-vpc/pkg/metadata/fake_node_metadata.go:157.2,157.20 1 1
github.com/IBM/ibmcloud-volume-file-vpc/pkg/metadata/fake_node_metadata.go:160.2,161.28 2 1
github.com/IBM/ibmcloud-volume-file-vpc/pkg/metadata/fake_node_metadata.go:154.29,156.3 1 0
github.com/IBM/ibmcloud-volume-file-vpc/pkg/metadata/fake_node_metadata.go:157.20,159.3 1 0
github.com/IBM/ibmcloud-volume-file-vpc/pkg/metadata/fake_node_metadata.go:164.54,168.2 3 0
github.com/IBM/ibmcloud-volume-file-vpc/pkg/metadata/fake_node_metadata.go:170.64,174.2 3 0
github.com/IBM/ibmcloud-volume-file-vpc/pkg/metadata/fake_node_metadata.go:176.62,183.2 4 1
github.com/IBM/ibmcloud-volume-file-vpc/pkg/metadata/fake_node_metadata.go:185.75,189.38 4 0
github.com/IBM/ibmcloud-volume-file-vpc/pkg/metadata/fake_node_metadata.go:194.2,196.12 1 0
github.com/IBM/ibmcloud-volume-file-vpc/pkg/metadata/fake_node_metadata.go:189.38,193.3 1 0
github.com/IBM/ibmcloud-volume-file-vpc/pkg/metadata/fake_node_metadata.go:199.72,209.43 10 0
github.com/IBM/ibmcloud-volume-file-vpc/pkg/metadata/fake_node_metadata.go:212.2,212.26 1 0
github.com/IBM/ibmcloud-volume-file-vpc/pkg/metadata/fake_node_metadata.go:209.43,211.3 1 0
github.com/IBM/ibmcloud-volume-file-vpc/pkg/metadata/fake_node_metadata.go:215.80,218.29 3 1
github.com/IBM/ibmcloud-volume-file-vpc/pkg/metadata/fake_node_metadata.go:221.2,221.34 1 1
github.com/IBM/ibmcloud-volume-file-vpc/pkg/metadata/fake_node_metadata.go:224.2,224.61 1 1
github.com/IBM/ibmcloud-volume-file-vpc/pkg/metadata/fake_node_metadata.go:218.29,220.3 1 1
github.com/IBM/ibmcloud-volume-file-vpc/pkg/metadata/fake_node_metadata.go:221.34,223.3 1 1
github.com/IBM/ibmcloud-volume-file-vpc/pkg/metadata/fakemetadata.go:23.78,29.2 1 0
github.com/IBM/ibmcloud-volume-file-vpc/pkg/metadata/metadata.go:53.81,55.16 2 1
github.com/IBM/ibmcloud-volume-file-vpc/pkg/metadata/metadata.go:59.2,60.16 2 0
github.com/IBM/ibmcloud-volume-file-vpc/pkg/metadata/metadata.go:64.2,65.16 2 0
github.com/IBM/ibmcloud-volume-file-vpc/pkg/metadata/metadata.go:69.2,70.94 2 0
github.com/IBM/ibmcloud-volume-file-vpc/pkg/metadata/metadata.go:75.2,77.53 2 0
github.com/IBM/ibmcloud-volume-file-vpc/pkg/metadata/metadata.go:88.2,92.8 1 0
github.com/IBM/ibmcloud-volume-file-vpc/pkg/metadata/metadata.go:55.16,57.3 1 1
github.com/IBM/ibmcloud-volume-file-vpc/pkg/metadata/metadata.go:60.16,62.3 1 0
github.com/IBM/ibmcloud-volume-file-vpc/pkg/metadata/metadata.go:65.16,67.3 1 0
github.com/IBM/ibmcloud-volume-file-vpc/pkg/metadata/metadata.go:70.94,73.3 2 0
github.com/IBM/ibmcloud-volume-file-vpc/pkg/metadata/metadata.go:77.53,80.3 1 0
github.com/IBM/ibmcloud-volume-file-vpc/pkg/metadata/metadata.go:80.8,83.21 2 0
github.com/IBM/ibmcloud-volume-file-vpc/pkg/metadata/metadata.go:83.21,85.4 1 0
github.com/IBM/ibmcloud-volume-file-vpc/pkg/metadata/metadata.go:95.54,97.2 1 1
github.com/IBM/ibmcloud-volume-file-vpc/pkg/metadata/metadata.go:99.56,101.2 1 1
github.com/IBM/ibmcloud-volume-file-vpc/pkg/metadata/metadata.go:103.58,105.2 1 1
github.com/IBM/ibmcloud-volume-file-vpc/pkg/metadata/metadata.go:108.48,110.17 2 0
github.com/IBM/ibmcloud-volume-file-vpc/pkg/metadata/metadata.go:114.2,114.13 1 0
github.com/IBM/ibmcloud-volume-file-vpc/pkg/metadata/metadata.go:110.17,112.3 1 0
github.com/IBM/ibmcloud-volume-file-vpc/pkg/watcher/pv_watcher.go:101.136,108.16 5 0
github.com/IBM/ibmcloud-volume-file-vpc/pkg/watcher/pv_watcher.go:112.2,113.16 2 0
github.com/IBM/ibmcloud-volume-file-vpc/pkg/watcher/pv_watcher.go:116.2,130.12 7 0
github.com/IBM/ibmcloud-volume-file-vpc/pkg/watcher/pv_watcher.go:108.16,110.3 1 0
github.com/IBM/ibmcloud-volume-file-vpc/pkg/watcher/pv_watcher.go:113.16,115.3 1 0
github.com/IBM/ibmcloud-volume-file-vpc/pkg/watcher/pv_watcher.go:134.31,149.2 7 0
github.com/IBM/ibmcloud-volume-file-vpc/pkg/watcher/pv_watcher.go:151.61,153.12 1 1
github.com/IBM/ibmcloud-volume-file-vpc/pkg/watcher/pv_watcher.go:153.12,156.16 2 1
github.com/IBM/ibmcloud-volume-file-vpc/pkg/watcher/pv_watcher.go:162.3,165.21 4 1
github.com/IBM/ibmcloud-volume-file-vpc/pkg/watcher/pv_watcher.go:177.3,177.56 1 1
github.com/IBM/ibmcloud-volume-file-vpc/pkg/watcher/pv_watcher.go:156.16,157.32 1 1
github.com/IBM/ibmcloud-volume-file-vpc/pkg/watcher/pv_watcher.go:157.32,159.5 1 0
github.com/IBM/ibmcloud-volume-file-vpc/pkg/watcher/pv_watcher.go:165.21,169.18 4 1
github.com/IBM/ibmcloud-volume-file-vpc/pkg/watcher/pv_watcher.go:169.18,172.5 2 0
github.com/IBM/ibmcloud-volume-file-vpc/pkg/watcher/pv_watcher.go:172.10,175.5 2 1
github.com/IBM/ibmcloud-volume-file-vpc/pkg/watcher/pv_watcher.go:181.98,187.21 5 1
github.com/IBM/ibmcloud-volume-file-vpc/pkg/watcher/pv_watcher.go:191.2,199.39 9 1
github.com/IBM/ibmcloud-volume-file-vpc/pkg/watcher/pv_watcher.go:187.21,189.3 1 1
github.com/IBM/ibmcloud-volume-file-vpc/pkg/watcher/pv_watcher.go:202.97,213.42 7 1
github.com/IBM/ibmcloud-volume-file-vpc/pkg/watcher/pv_watcher.go:226.2,227.15 2 1
github.com/IBM/ibmcloud-volume-file-vpc/pkg/watcher/pv_watcher.go:213.42,216.3 1 0
github.com/IBM/ibmcloud-volume-file-vpc/pkg/watcher/pv_watcher.go:216.8,225.3 7 1
github.com/IBM/ibmcloud-volume-file-vpc/pkg/watcher/pv_watcher.go:230.52,234.37 4 0
github.com/IBM/ibmcloud-volume-file-vpc/pkg/watcher/pv_watcher.go:237.2,238.25 2 0
github.com/IBM/ibmcloud-volume-file-vpc/pkg/watcher/pv_watcher.go:234.37,236.3 1 0
github.com/IBM/ibmcloud-volume-file-vpc/pkg/ibmcloudprovider/fake_volume_provider.go:71.72,91.20 8 1
github.com/IBM/ibmcloud-volume-file-vpc/pkg/ibmcloudprovider/fake_volume_provider.go:97.2,97.8 1 1
github.com/IBM/ibmcloud-volume-file-vpc/pkg/ibmcloudprovider/fake_volume_provider.go:91.20,93.17 2 1
github.com/IBM/ibmcloud-volume-file-vpc/pkg/ibmcloudprovider/fake_volume_provider.go:93.17,95.4 1 0
github.com/IBM/ibmcloud-volume-file-vpc/pkg/ibmcloudprovider/fake_volume_provider.go:101.90,149.16 6 0
github.com/IBM/ibmcloud-volume-file-vpc/pkg/ibmcloudprovider/fake_volume_provider.go:153.2,159.16 6 0
github.com/IBM/ibmcloud-volume-file-vpc/pkg/ibmcloudprovider/fake_volume_provider.go:163.2,170.27 3 0
github.com/IBM/ibmcloud-volume-file-vpc/pkg/ibmcloudprovider/fake_volume_provider.go:149.16,151.3 1 0
github.com/IBM/ibmcloud-volume-file-vpc/pkg/ibmcloudprovider/fake_volume_provider.go:159.16,161.3 1 0
github.com/IBM/ibmcloud-volume-file-vpc/pkg/ibmcloudprovider/fake_volume_provider.go:184.114,188.2 1 1
github.com/IBM/ibmcloud-volume-file-vpc/pkg/ibmcloudprovider/fake_volume_provider.go:191.128,193.2 1 1
github.com/IBM/ibmcloud-volume-file-vpc/pkg/ibmcloudprovider/fake_volume_provider.go:196.69,198.2 1 1
github.com/IBM/ibmcloud-volume-file-vpc/pkg/ibmcloudprovider/fake_volume_provider.go:201.64,203.2 1 1
github.com/IBM/ibmcloud-volume-file-vpc/pkg/ibmcloudprovider/volume_provider.go:47.153,51.16 3 1
github.com/IBM/ibmcloud-volume-file-vpc/pkg/ibmcloudprovider/volume_provider.go:56.2,57.16 2 1
github.com/IBM/ibmcloud-volume-file-vpc/pkg/ibmcloudprovider/volume_provider.go:64.2,67.16 4 1
github.com/IBM/ibmcloud-volume-file-vpc/pkg/ibmcloudprovider/volume_provider.go:71.2,80.16 4 1
github.com/IBM/ibmcloud-volume-file-vpc/pkg/ibmcloudprovider/volume_provider.go:85.2,94.27 4 1
github.com/IBM/ibmcloud-volume-file-vpc/pkg/ibmcloudprovider/volume_provider.go:51.16,54.3 2 1
github.com/IBM/ibmcloud-volume-file-vpc/pkg/ibmcloudprovider/volume_provider.go:57.16,59.3 1 0
github.com/IBM/ibmcloud-volume-file-vpc/pkg/ibmcloudprovider/volume_provider.go:59.8,62.3 2 1
github.com/IBM/ibmcloud-volume-file-vpc/pkg/ibmcloudprovider/volume_provider.go:67.16,70.3 2 1
github.com/IBM/ibmcloud-volume-file-vpc/pkg/ibmcloudprovider/volume_provider.go:80.16,83.3 2 0
github.com/IBM/ibmcloud-volume-file-vpc/pkg/ibmcloudprovider/volume_provider.go:98.123,102.16 3 0
github.com/IBM/ibmcloud-volume-file-vpc/pkg/ibmcloudprovider/volume_provider.go:108.2,114.16 3 0
github.com/IBM/ibmcloud-volume-file-vpc/pkg/ibmcloudprovider/volume_provider.go:118.2,119.17 2 0
github.com/IBM/ibmcloud-volume-file-vpc/pkg/ibmcloudprovider/volume_provider.go:102.16,105.3 2 0
github.com/IBM/ibmcloud-volume-file-vpc/pkg/ibmcloudprovider/volume_provider.go:114.16,117.3 2 0
github.com/IBM/ibmcloud-volume-file-vpc/pkg/ibmcloudprovider/volume_provider.go:123.64,125.2 1 0
github.com/IBM/ibmcloud-volume-file-vpc/pkg/ibmcloudprovider/volume_provider.go:128.59,130.2 1 0
github.com/IBM/ibmcloud-volume-file-vpc/file/provider/delete_volume.go:31.75,38.16 6 1
github.com/IBM/ibmcloud-volume-file-vpc/file/provider/delete_volume.go:42.2,43.16 2 1
github.com/IBM/ibmcloud-volume-file-vpc/file/provider/delete_volume.go:48.2,48.88 1 1
github.com/IBM/ibmcloud-volume-file-vpc/file/provider/delete_volume.go:58.2,59.40 2 1
github.com/IBM/ibmcloud-volume-file-vpc/file/provider/delete_volume.go:64.2,64.16 1 1
github.com/IBM/ibmcloud-volume-file-vpc/file/provider/delete_volume.go:68.2,69.16 2 1
github.com/IBM/ibmcloud-volume-file-vpc/file/provider/delete_volume.go:73.2,74.12 2 1
github.com/IBM/ibmcloud-volume-file-vpc/file/provider/delete_volume.go:38.16,40.3 1 1
github.com/IBM/ibmcloud-volume-file-vpc/file/provider/delete_volume.go:43.16,45.3 1 1
github.com/IBM/ibmcloud-volume-file-vpc/file/provider/delete_volume.go:48.88,50.66 2 1
github.com/IBM/ibmcloud-volume-file-vpc/file/provider/delete_volume.go:55.3,55.107 1 1
github.com/IBM/ibmcloud-volume-file-vpc/file/provider/delete_volume.go:50.66,51.33 1 1
github.com/IBM/ibmcloud-volume-file-vpc/file/provider/delete_volume.go:51.33,53.5 1 1
github.com/IBM/ibmcloud-volume-file-vpc/file/provider/delete_volume.go:59.40,63.3 3 1
github.com/IBM/ibmcloud-volume-file-vpc/file/provider/delete_volume.go:64.16,66.3 1 1
github.com/IBM/ibmcloud-volume-file-vpc/file/provider/delete_volume.go:69.16,71.3 1 0
github.com/IBM/ibmcloud-volume-file-vpc/file/provider/delete_volume.go:78.58,79.19 1 1
github.com/IBM/ibmcloud-volume-file-vpc/file/provider/delete_volume.go:84.2,84.44 1 1
github.com/IBM/ibmcloud-volume-file-vpc/file/provider/delete_volume.go:87.2,88.8 2 1
github.com/IBM/ibmcloud-volume-file-vpc/file/provider/delete_volume.go:79.19,82.3 2 1
github.com/IBM/ibmcloud-volume-file-vpc/file/provider/delete_volume.go:84.44,86.3 1 1
github.com/IBM/ibmcloud-volume-file-vpc/file/provider/delete_volume.go:92.75,99.67 5 1
github.com/IBM/ibmcloud-volume-file-vpc/file/provider/delete_volume.go:109.2,109.24 1 1
github.com/IBM/ibmcloud-volume-file-vpc/file/provider/delete_volume.go:112.2,112.12 1 1
github.com/IBM/ibmcloud-volume-file-vpc/file/provider/delete_volume.go:99.67,102.17 2 1
github.com/IBM/ibmcloud-volume-file-vpc/file/provider/delete_volume.go:106.3,106.20 1 1
github.com/IBM/ibmcloud-volume-file-vpc/file/provider/delete_volume.go:102.17,105.4 2 0
github.com/IBM/ibmcloud-volume-file-vpc/file/provider/delete_volume.go:109.24,111.3 1 0
github.com/IBM/ibmcloud-volume-file-vpc/file/provider/get_volume.access_point.go:30.151,36.16 6 1
github.com/IBM/ibmcloud-volume-file-vpc/file/provider/get_volume.access_point.go:39.2,41.35 3 1
github.com/IBM/ibmcloud-volume-file-vpc/file/provider/get_volume.access_point.go:48.2,49.39 2 1
github.com/IBM/ibmcloud-volume-file-vpc/file/provider/get_volume.access_point.go:36.16,38.3 1 1
github.com/IBM/ibmcloud-volume-file-vpc/file/provider/get_volume.access_point.go:41.35,44.3 1 1
github.com/IBM/ibmcloud-volume-file-vpc/file/provider/get_volume.access_point.go:44.8,47.3 1 1
github.com/IBM/ibmcloud-volume-file-vpc/file/provider/get_volume.access_point.go:52.140,59.67 6 1
github.com/IBM/ibmcloud-volume-file-vpc/file/provider/get_volume.access_point.go:68.2,68.16 1 1
github.com/IBM/ibmcloud-volume-file-vpc/file/provider/get_volume.access_point.go:74.2,78.39 4 1
github.com/IBM/ibmcloud-volume-file-vpc/file/provider/get_volume.access_point.go:59.67,62.51 2 1
github.com/IBM/ibmcloud-volume-file-vpc/file/provider/get_volume.access_point.go:65.3,65.19 1 1
github.com/IBM/ibmcloud-volume-file-vpc/file/provider/get_volume.access_point.go:62.51,64.4 1 1
github.com/IBM/ibmcloud-volume-file-vpc/file/provider/get_volume.access_point.go:68.16,72.3 2 1
github.com/IBM/ibmcloud-volume-file-vpc/file/provider/get_volume.access_point.go:81.143,87.67 6 1
github.com/IBM/ibmcloud-volume-file-vpc/file/provider/get_volume.access_point.go:96.2,96.16 1 1
github.com/IBM/ibmcloud-volume-file-vpc/file/provider/get_volume.access_point.go:102.2,102.34 1 1
github.com/IBM/ibmcloud-volume-file-vpc/file/provider/get_volume.access_point.go:116.2,118.21 3 1
github.com/IBM/ibmcloud-volume-file-vpc/file/provider/get_volume.access_point.go:87.67,90.17 2 1
github.com/IBM/ibmcloud-volume-file-vpc/file/provider/get_volume.access_point.go:93.3,93.19 1 1
github.com/IBM/ibmcloud-volume-file-vpc/file/provider/get_volume.access_point.go:90.17,92.4 1 1
github.com/IBM/ibmcloud-volume-file-vpc/file/provider/get_volume.access_point.go:96.16,100.3 2 1
github.com/IBM/ibmcloud-volume-file-vpc/file/provider/get_volume.access_point.go:102.34,103.76 1 1
github.com/IBM/ibmcloud-volume-file-vpc/file/provider/get_volume.access_point.go:103.76,105.107 1 1
github.com/IBM/ibmcloud-volume-file-vpc/file/provider/get_volume.access_point.go:105.107,112.5 5 1
github.com/IBM/ibmcloud-volume-file-vpc/file/provider/util.go:72.62,75.39 2 1
github.com/IBM/ibmcloud-volume-file-vpc/file/provider/util.go:102.2,102.12 1 1
github.com/IBM/ibmcloud-volume-file-vpc/file/provider/util.go:75.39,76.12 1 1
github.com/IBM/ibmcloud-volume-file-vpc/file/provider/util.go:79.3,80.17 2 1
github.com/IBM/ibmcloud-volume-file-vpc/file/provider/util.go:100.3,100.13 1 1
github.com/IBM/ibmcloud-volume-file-vpc/file/provider/util.go:76.12,78.4 1 1
github.com/IBM/ibmcloud-volume-file-vpc/file/provider/util.go:80.17,83.11 2 1
github.com/IBM/ibmcloud-volume-file-vpc/file/provider/util.go:86.4,86.29 1 1
github.com/IBM/ibmcloud-volume-file-vpc/file/provider/util.go:89.4,89.14 1 1
github.com/IBM/ibmcloud-volume-file-vpc/file/provider/util.go:95.4,95.33 1 1
github.com/IBM/ibmcloud-volume-file-vpc/file/provider/util.go:98.4,98.12 1 1
github.com/IBM/ibmcloud-volume-file-vpc/file/provider/util.go:83.11,84.13 1 1
github.com/IBM/ibmcloud-volume-file-vpc/file/provider/util.go:86.29,87.10 1 0
github.com/IBM/ibmcloud-volume-file-vpc/file/provider/util.go:89.14,91.31 2 1
github.com/IBM/ibmcloud-volume-file-vpc/file/provider/util.go:91.31,93.6 1 0
github.com/IBM/ibmcloud-volume-file-vpc/file/provider/util.go:95.33,97.5 1 1
github.com/IBM/ibmcloud-volume-file-vpc/file/provider/util.go:106.40,107.39 1 1
github.com/IBM/ibmcloud-volume-file-vpc/file/provider/util.go:113.2,113.14 1 1
github.com/IBM/ibmcloud-volume-file-vpc/file/provider/util.go:107.39,109.9 2 1
github.com/IBM/ibmcloud-volume-file-vpc/file/provider/util.go:109.9,111.4 1 1
github.com/IBM/ibmcloud-volume-file-vpc/file/provider/util.go:117.48,121.8 2 1
github.com/IBM/ibmcloud-volume-file-vpc/file/provider/util.go:124.2,124.14 1 1
github.com/IBM/ibmcloud-volume-file-vpc/file/provider/util.go:121.8,123.3 1 0
github.com/IBM/ibmcloud-volume-file-vpc/file/provider/util.go:134.40,140.2 1 1
github.com/IBM/ibmcloud-volume-file-vpc/file/provider/util.go:143.64,148.2 1 0
github.com/IBM/ibmcloud-volume-file-vpc/file/provider/util.go:151.98,154.46 3 1
github.com/IBM/ibmcloud-volume-file-vpc/file/provider/util.go:177.2,177.12 1 1
github.com/IBM/ibmcloud-volume-file-vpc/file/provider/util.go:154.46,155.12 1 1
github.com/IBM/ibmcloud-volume-file-vpc/file/provider/util.go:159.3,160.16 2 1
github.com/IBM/ibmcloud-volume-file-vpc/file/provider/util.go:165.3,165.13 1 1
github.com/IBM/ibmcloud-volume-file-vpc/file/provider/util.go:171.3,171.39 1 1
github.com/IBM/ibmcloud-volume-file-vpc/file/provider/util.go:155.12,157.4 1 1
github.com/IBM/ibmcloud-volume-file-vpc/file/provider/util.go:160.16,161.9 1 1
github.com/IBM/ibmcloud-volume-file-vpc/file/provider/util.go:165.13,167.37 2 1
github.com/IBM/ibmcloud-volume-file-vpc/file/provider/util.go:167.37,169.5 1 0
github.com/IBM/ibmcloud-volume-file-vpc/file/provider/util.go:171.39,175.4 1 1
github.com/IBM/ibmcloud-volume-file-vpc/file/provider/util.go:181.110,186.36 4 1
github.com/IBM/ibmcloud-volume-file-vpc/file/provider/util.go:202.2,202.12 1 1
github.com/IBM/ibmcloud-volume-file-vpc/file/provider/util.go:186.36,187.12 1 1
github.com/IBM/ibmcloud-volume-file-vpc/file/provider/util.go:191.3,192.16 2 1
github.com/IBM/ibmcloud-volume-file-vpc/file/provider/util.go:196.3,196.29 1 1
github.com/IBM/ibmcloud-volume-file-vpc/file/provider/util.go:187.12,189.4 1 1
github.com/IBM/ibmcloud-volume-file-vpc/file/provider/util.go:192.16,193.9 1 1
github.com/IBM/ibmcloud-volume-file-vpc/file/provider/util.go:196.29,200.4 1 1
github.com/IBM/ibmcloud-volume-file-vpc/file/provider/util.go:206.35,208.16 2 1
github.com/IBM/ibmcloud-volume-file-vpc/file/provider/util.go:211.2,211.14 1 1
github.com/IBM/ibmcloud-volume-file-vpc/file/provider/util.go:208.16,210.3 1 1
github.com/IBM/ibmcloud-volume-file-vpc/file/provider/util.go:215.39,217.16 2 1
github.com/IBM/ibmcloud-volume-file-vpc/file/provider/util.go:220.2,220.14 1 1
github.com/IBM/ibmcloud-volume-file-vpc/file/provider/util.go:217.16,219.3 1 1
github.com/IBM/ibmcloud-volume-file-vpc/file/provider/util.go:224.104,228.22 3 1
github.com/IBM/ibmcloud-volume-file-vpc/file/provider/util.go:233.2,233.27 1 1
github.com/IBM/ibmcloud-volume-file-vpc/file/provider/util.go:238.2,243.32 5 1
github.com/IBM/ibmcloud-volume-file-vpc/file/provider/util.go:247.2,255.27 2 1
github.com/IBM/ibmcloud-volume-file-vpc/file/provider/util.go:258.2,265.58 4 1
github.com/IBM/ibmcloud-volume-file-vpc/file/provider/util.go:270.2,270.51 1 1
github.com/IBM/ibmcloud-volume-file-vpc/file/provider/util.go:275.2,276.8 2 1
github.com/IBM/ibmcloud-volume-file-vpc/file/provider/util.go:228.22,231.3 2 0
github.com/IBM/ibmcloud-volume-file-vpc/file/provider/util.go:233.27,236.3 2 0
github.com/IBM/ibmcloud-volume-file-vpc/file/provider/util.go:243.32,245.3 1 1
github.com/IBM/ibmcloud-volume-file-vpc/file/provider/util.go:255.27,257.3 1 1
github.com/IBM/ibmcloud-volume-file-vpc/file/provider/util.go:265.58,268.3 2 1
github.com/IBM/ibmcloud-volume-file-vpc/file/provider/util.go:270.51,273.3 2 1
github.com/IBM/ibmcloud-volume-file-vpc/file/provider/util.go:280.148,284.27 3 1
github.com/IBM/ibmcloud-volume-file-vpc/file/provider/util.go:289.2,301.32 3 1
github.com/IBM/ibmcloud-volume-file-vpc/file/provider/util.go:309.2,309.8 1 1
github.com/IBM/ibmcloud-volume-file-vpc/file/provider/util.go:284.27,287.3 2 0
github.com/IBM/ibmcloud-volume-file-vpc/file/provider/util.go:301.32,307.3 1 1
github.com/IBM/ibmcloud-volume-file-vpc/file/provider/util.go:313.47,316.2 2 1
github.com/IBM/ibmcloud-volume-file-vpc/file/provider/util.go:319.54,320.21 1 1
github.com/IBM/ibmcloud-volume-file-vpc/file/provider/util.go:324.2,324.16 1 1
github.com/IBM/ibmcloud-volume-file-vpc/file/provider/util.go:320.21,322.3 1 1
github.com/IBM/ibmcloud-volume-file-vpc/file/provider/util.go:324.16,326.3 1 1
github.com/IBM/ibmcloud-volume-file-vpc/file/provider/util.go:329.74,331.2 1 1
github.com/IBM/ibmcloud-volume-file-vpc/file/provider/wait_for_valid_volume_state.go:30.77,38.40 6 1
github.com/IBM/ibmcloud-volume-file-vpc/file/provider/wait_for_valid_volume_state.go:51.2,51.16 1 1
github.com/IBM/ibmcloud-volume-file-vpc/file/provider/wait_for_valid_volume_state.go:56.2,56.12 1 1
github.com/IBM/ibmcloud-volume-file-vpc/file/provider/wait_for_valid_volume_state.go:38.40,40.17 2 1
github.com/IBM/ibmcloud-volume-file-vpc/file/provider/wait_for_valid_volume_state.go:43.3,44.53 2 1
github.com/IBM/ibmcloud-volume-file-vpc/file/provider/wait_for_valid_volume_state.go:48.3,48.72 1 1
github.com/IBM/ibmcloud-volume-file-vpc/file/provider/wait_for_valid_volume_state.go:40.17,42.4 1 1
github.com/IBM/ibmcloud-volume-file-vpc/file/provider/wait_for_valid_volume_state.go:44.53,47.4 2 1
github.com/IBM/ibmcloud-volume-file-vpc/file/provider/wait_for_valid_volume_state.go:51.16,54.3 2 1
github.com/IBM/ibmcloud-volume-file-vpc/file/provider/token_generator.go:48.69,50.15 2 1
github.com/IBM/ibmcloud-volume-file-vpc/file/provider/token_generator.go:54.2,54.26 1 1
github.com/IBM/ibmcloud-volume-file-vpc/file/provider/token_generator.go:58.2,61.16 3 1
github.com/IBM/ibmcloud-volume-file-vpc/file/provider/token_generator.go:66.2,67.16 2 0
github.com/IBM/ibmcloud-volume-file-vpc/file/provider/token_generator.go:72.2,74.8 2 0
github.com/IBM/ibmcloud-volume-file-vpc/file/provider/token_generator.go:50.15,52.3 1 1
github.com/IBM/ibmcloud-volume-file-vpc/file/provider/token_generator.go:54.26,56.3 1 0
github.com/IBM/ibmcloud-volume-file-vpc/file/provider/token_generator.go:61.16,64.3 2 1
github.com/IBM/ibmcloud-volume-file-vpc/file/provider/token_generator.go:67.16,70.3 2 0
github.com/IBM/ibmcloud-volume-file-vpc/file/provider/token_generator.go:78.149,80.15 2 1
github.com/IBM/ibmcloud-volume-file-vpc/file/provider/token_generator.go:84.2,85.16 2 1
github.com/IBM/ibmcloud-volume-file-vpc/file/provider/token_generator.go:89.2,96.9 2 0
github.com/IBM/ibmcloud-volume-file-vpc/file/provider/token_generator.go:110.2,113.8 3 0
github.com/IBM/ibmcloud-volume-file-vpc/file/provider/token_generator.go:80.15,82.3 1 1
github.com/IBM/ibmcloud-volume-file-vpc/file/provider/token_generator.go:85.16,87.3 1 1
github.com/IBM/ibmcloud-volume-file-vpc/file/provider/token_generator.go:97.39,101.9 4 0
github.com/IBM/ibmcloud-volume-file-vpc/file/provider/token_generator.go:103.52,104.52 1 0
github.com/IBM/ibmcloud-volume-file-vpc/file/provider/token_generator.go:106.10,107.53 1 0
github.com/IBM/ibmcloud-volume-file-vpc/file/provider/token_generator.go:117.143,119.16 2 1
github.com/IBM/ibmcloud-volume-file-vpc/file/provider/token_generator.go:123.2,124.16 2 0
github.com/IBM/ibmcloud-volume-file-vpc/file/provider/token_generator.go:128.2,130.8 2 0
github.com/IBM/ibmcloud-volume-file-vpc/file/provider/token_generator.go:119.16,121.3 1 1
github.com/IBM/ibmcloud-volume-file-vpc/file/provider/token_generator.go:124.16,126.3 1 0
github.com/IBM/ibmcloud-volume-file-vpc/file/provider/token_generator.go:134.26,139.2 3 1
github.com/IBM/ibmcloud-volume-file-vpc/file/provider/wait_for_create_volume_access_point.go:30.155,39.16 7 1
github.com/IBM/ibmcloud-volume-file-vpc/file/provider/wait_for_create_volume_access_point.go:43.2,44.79 2 1
github.com/IBM/ibmcloud-volume-file-vpc/file/provider/wait_for_create_volume_access_point.go:56.2,56.98 1 1
github.com/IBM/ibmcloud-volume-file-vpc/file/provider/wait_for_create_volume_access_point.go:60.2,63.21 3 1
github.com/IBM/ibmcloud-volume-file-vpc/file/provider/wait_for_create_volume_access_point.go:39.16,41.3 1 1
github.com/IBM/ibmcloud-volume-file-vpc/file/provider/wait_for_create_volume_access_point.go:44.79,46.17 2 1
github.com/IBM/ibmcloud-volume-file-vpc/file/provider/wait_for_create_volume_access_point.go:52.3,52.91 1 1
github.com/IBM/ibmcloud-volume-file-vpc/file/provider/wait_for_create_volume_access_point.go:46.17,50.4 1 1
github.com/IBM/ibmcloud-volume-file-vpc/file/provider/wait_for_create_volume_access_point.go:56.98,58.3 1 1
github.com/IBM/ibmcloud-volume-file-vpc/file/provider/wait_for_delete_volume_access_point.go:31.122,38.16 7 1
github.com/IBM/ibmcloud-volume-file-vpc/file/provider/wait_for_delete_volume_access_point.go:42.2,42.79 1 1
github.com/IBM/ibmcloud-volume-file-vpc/file/provider/wait_for_delete_volume_access_point.go:54.2,54.16 1 1
github.com/IBM/ibmcloud-volume-file-vpc/file/provider/wait_for_delete_volume_access_point.go:63.2,65.16 3 1
github.com/IBM/ibmcloud-volume-file-vpc/file/provider/wait_for_delete_volume_access_point.go:38.16,40.3 1 1
github.com/IBM/ibmcloud-volume-file-vpc/file/provider/wait_for_delete_volume_access_point.go:42.79,47.17 2 1
github.com/IBM/ibmcloud-volume-file-vpc/file/provider/wait_for_delete_volume_access_point.go:50.3,50.20 1 1
github.com/IBM/ibmcloud-volume-file-vpc/file/provider/wait_for_delete_volume_access_point.go:47.17,49.4 1 1
github.com/IBM/ibmcloud-volume-file-vpc/file/provider/wait_for_delete_volume_access_point.go:54.16,55.43 1 1
github.com/IBM/ibmcloud-volume-file-vpc/file/provider/wait_for_delete_volume_access_point.go:55.43,56.62 1 1
github.com/IBM/ibmcloud-volume-file-vpc/file/provider/wait_for_delete_volume_access_point.go:56.62,59.5 2 1
github.com/IBM/ibmcloud-volume-file-vpc/file/provider/delete_volume_access_point.go:33.133,40.16 7 1
github.com/IBM/ibmcloud-volume-file-vpc/file/provider/delete_volume_access_point.go:44.2,47.67 3 1
github.com/IBM/ibmcloud-volume-file-vpc/file/provider/delete_volume_access_point.go:72.2,72.16 1 1
github.com/IBM/ibmcloud-volume-file-vpc/file/provider/delete_volume_access_point.go:77.2,78.22 2 1
github.com/IBM/ibmcloud-volume-file-vpc/file/provider/delete_volume_access_point.go:40.16,42.3 1 1
github.com/IBM/ibmcloud-volume-file-vpc/file/provider/delete_volume_access_point.go:47.67,51.157 3 1
github.com/IBM/ibmcloud-volume-file-vpc/file/provider/delete_volume_access_point.go:65.3,70.19 3 1
github.com/IBM/ibmcloud-volume-file-vpc/file/provider/delete_volume_access_point.go:51.157,61.18 7 1
github.com/IBM/ibmcloud-volume-file-vpc/file/provider/delete_volume_access_point.go:61.18,63.5 1 0
github.com/IBM/ibmcloud-volume-file-vpc/file/provider/delete_volume_access_point.go:72.16,76.3 3 0
github.com/IBM/ibmcloud-volume-file-vpc/file/provider/expand_volume.go:35.112,42.16 5 1
github.com/IBM/ibmcloud-volume-file-vpc/file/provider/expand_volume.go:46.2,46.103 1 1
github.com/IBM/ibmcloud-volume-file-vpc/file/provider/expand_volume.go:50.2,61.40 6 1
github.com/IBM/ibmcloud-volume-file-vpc/file/provider/expand_volume.go:66.2,66.16 1 1
github.com/IBM/ibmcloud-volume-file-vpc/file/provider/expand_volume.go:71.2,73.16 3 1
github.com/IBM/ibmcloud-volume-file-vpc/file/provider/expand_volume.go:77.2,78.42 2 1
github.com/IBM/ibmcloud-volume-file-vpc/file/provider/expand_volume.go:42.16,44.3 1 1
github.com/IBM/ibmcloud-volume-file-vpc/file/provider/expand_volume.go:46.103,49.3 2 1
github.com/IBM/ibmcloud-volume-file-vpc/file/provider/expand_volume.go:61.40,64.3 2 1
github.com/IBM/ibmcloud-volume-file-vpc/file/provider/expand_volume.go:66.16,69.3 2 0
github.com/IBM/ibmcloud-volume-file-vpc/file/provider/expand_volume.go:73.16,75.3 1 1
github.com/IBM/ibmcloud-volume-file-vpc/file/provider/get_volume.go:28.87,35.16 5 1
github.com/IBM/ibmcloud-volume-file-vpc/file/provider/get_volume.go:39.2,42.40 3 1
github.com/IBM/ibmcloud-volume-file-vpc/file/provider/get_volume.go:47.2,47.16 1 1
github.com/IBM/ibmcloud-volume-file-vpc/file/provider/get_volume.go:51.2,55.24 3 1
github.com/IBM/ibmcloud-volume-file-vpc/file/provider/get_volume.go:35.16,37.3 1 1
github.com/IBM/ibmcloud-volume-file-vpc/file/provider/get_volume.go:42.40,45.3 2 1
github.com/IBM/ibmcloud-volume-file-vpc/file/provider/get_volume.go:47.16,49.3 1 1
github.com/IBM/ibmcloud-volume-file-vpc/file/provider/get_volume.go:59.95,64.20 4 1
github.com/IBM/ibmcloud-volume-file-vpc/file/provider/get_volume.go:69.2,72.40 3 1
github.com/IBM/ibmcloud-volume-file-vpc/file/provider/get_volume.go:77.2,77.16 1 1
github.com/IBM/ibmcloud-volume-file-vpc/file/provider/get_volume.go:81.2,85.24 3 1
github.com/IBM/ibmcloud-volume-file-vpc/file/provider/get_volume.go:64.20,67.3 2 1
github.com/IBM/ibmcloud-volume-file-vpc/file/provider/get_volume.go:72.40,75.3 2 1
github.com/IBM/ibmcloud-volume-file-vpc/file/provider/get_volume.go:77.16,79.3 1 1
github.com/IBM/ibmcloud-volume-file-vpc/file/provider/get_volume.go:89.52,90.37 1 1
github.com/IBM/ibmcloud-volume-file-vpc/file/provider/get_volume.go:93.2,94.8 2 1
github.com/IBM/ibmcloud-volume-file-vpc/file/provider/get_volume.go:90.37,92.3 1 1
github.com/IBM/ibmcloud-volume-file-vpc/file/provider/provider.go:71.132,74.27 2 1
github.com/IBM/ibmcloud-volume-file-vpc/file/provider/provider.go:78.2,78.47 1 1
github.com/IBM/ibmcloud-volume-file-vpc/file/provider/provider.go:83.2,86.39 2 1
github.com/IBM/ibmcloud-volume-file-vpc/file/provider/provider.go:91.2,97.16 4 1
github.com/IBM/ibmcloud-volume-file-vpc/file/provider/provider.go:100.2,101.50 2 1
github.com/IBM/ibmcloud-volume-file-vpc/file/provider/provider.go:105.2,106.16 2 1
github.com/IBM/ibmcloud-volume-file-vpc/file/provider/provider.go:110.2,111.16 2 1
github.com/IBM/ibmcloud-volume-file-vpc/file/provider/provider.go:117.2,133.22 4 1
github.com/IBM/ibmcloud-volume-file-vpc/file/provider/provider.go:74.27,76.3 1 0
github.com/IBM/ibmcloud-volume-file-vpc/file/provider/provider.go:78.47,80.3 1 1
github.com/IBM/ibmcloud-volume-file-vpc/file/provider/provider.go:86.39,88.3 1 0
github.com/IBM/ibmcloud-volume-file-vpc/file/provider/provider.go:97.16,99.3 1 0
github.com/IBM/ibmcloud-volume-file-vpc/file/provider/provider.go:101.50,104.3 2 1
github.com/IBM/ibmcloud-volume-file-vpc/file/provider/provider.go:106.16,108.3 1 0
github.com/IBM/ibmcloud-volume-file-vpc/file/provider/provider.go:111.16,114.3 2 0
github.com/IBM/ibmcloud-volume-file-vpc/file/provider/provider.go:137.111,140.2 1 1
github.com/IBM/ibmcloud-volume-file-vpc/file/provider/provider.go:143.160,146.15 3 1
github.com/IBM/ibmcloud-volume-file-vpc/file/provider/provider.go:151.2,151.41 1 1
github.com/IBM/ibmcloud-volume-file-vpc/file/provider/provider.go:155.2,155.41 1 1
github.com/IBM/ibmcloud-volume-file-vpc/file/provider/provider.go:159.2,159.32 1 1
github.com/IBM/ibmcloud-volume-file-vpc/file/provider/provider.go:162.2,164.56 2 1
github.com/IBM/ibmcloud-volume-file-vpc/file/provider/provider.go:169.2,170.16 2 1
github.com/IBM/ibmcloud-volume-file-vpc/file/provider/provider.go:175.2,176.16 2 1
github.com/IBM/ibmcloud-volume-file-vpc/file/provider/provider.go:179.2,182.16 3 1
github.com/IBM/ibmcloud-volume-file-vpc/file/provider/provider.go:187.2,187.47 1 1
github.com/IBM/ibmcloud-volume-file-vpc/file/provider/provider.go:191.2,191.43 1 1
github.com/IBM/ibmcloud-volume-file-vpc/file/provider/provider.go:196.2,207.24 2 1
github.com/IBM/ibmcloud-volume-file-vpc/file/provider/provider.go:146.15,148.3 1 1
github.com/IBM/ibmcloud-volume-file-vpc/file/provider/provider.go:151.41,153.3 1 1
github.com/IBM/ibmcloud-volume-file-vpc/file/provider/provider.go:155.41,157.3 1 1
github.com/IBM/ibmcloud-volume-file-vpc/file/provider/provider.go:159.32,161.3 1 1
github.com/IBM/ibmcloud-volume-file-vpc/file/provider/provider.go:164.56,168.3 2 0
github.com/IBM/ibmcloud-volume-file-vpc/file/provider/provider.go:170.16,172.3 1 0
github.com/IBM/ibmcloud-volume-file-vpc/file/provider/provider.go:176.16,178.3 1 0
github.com/IBM/ibmcloud-volume-file-vpc/file/provider/provider.go:182.16,184.3 1 0
github.com/IBM/ibmcloud-volume-file-vpc/file/provider/provider.go:187.47,190.3 2 1
github.com/IBM/ibmcloud-volume-file-vpc/file/provider/provider.go:191.43,194.3 2 1
github.com/IBM/ibmcloud-volume-file-vpc/file/provider/provider.go:211.112,212.24 1 1
github.com/IBM/ibmcloud-volume-file-vpc/file/provider/provider.go:218.2,218.8 1 1
github.com/IBM/ibmcloud-volume-file-vpc/file/provider/provider.go:213.31,214.52 1 1
github.com/IBM/ibmcloud-volume-file-vpc/file/provider/provider.go:215.10,216.39 1 0
github.com/IBM/ibmcloud-volume-file-vpc/file/provider/provider.go:222.75,224.54 2 1
github.com/IBM/ibmcloud-volume-file-vpc/file/provider/provider.go:231.2,231.11 1 1
github.com/IBM/ibmcloud-volume-file-vpc/file/provider/provider.go:224.54,225.40 1 1
github.com/IBM/ibmcloud-volume-file-vpc/file/provider/provider.go:225.40,227.4 1 1
github.com/IBM/ibmcloud-volume-file-vpc/file/provider/provider.go:228.8,230.3 1 1
github.com/IBM/ibmcloud-volume-file-vpc/file/provider/create_volume.go:37.114,44.16 6 1
github.com/IBM/ibmcloud-volume-file-vpc/file/provider/create_volume.go:47.2,66.116 4 1
github.com/IBM/ibmcloud-volume-file-vpc/file/provider/create_volume.go:71.2,73.40 3 1
github.com/IBM/ibmcloud-volume-file-vpc/file/provider/create_volume.go:78.2,78.16 1 1
github.com/IBM/ibmcloud-volume-file-vpc/file/provider/create_volume.go:83.2,87.16 4 1
github.com/IBM/ibmcloud-volume-file-vpc/file/provider/create_volume.go:90.2,103.28 5 1
github.com/IBM/ibmcloud-volume-file-vpc/file/provider/create_volume.go:44.16,46.3 1 1
github.com/IBM/ibmcloud-volume-file-vpc/file/provider/create_volume.go:66.116,69.3 2 1
github.com/IBM/ibmcloud-volume-file-vpc/file/provider/create_volume.go:73.40,76.3 2 1
github.com/IBM/ibmcloud-volume-file-vpc/file/provider/create_volume.go:78.16,81.3 2 1
github.com/IBM/ibmcloud-volume-file-vpc/file/provider/create_volume.go:87.16,89.3 1 1
github.com/IBM/ibmcloud-volume-file-vpc/file/provider/create_volume.go:107.96,113.31 4 1
github.com/IBM/ibmcloud-volume-file-vpc/file/provider/create_volume.go:120.2,120.35 1 1
github.com/IBM/ibmcloud-volume-file-vpc/file/provider/create_volume.go:127.2,127.31 1 1
github.com/IBM/ibmcloud-volume-file-vpc/file/provider/create_volume.go:130.2,130.44 1 1
github.com/IBM/ibmcloud-volume-file-vpc/file/provider/create_volume.go:133.2,133.71 1 1
github.com/IBM/ibmcloud-volume-file-vpc/file/provider/create_volume.go:138.2,138.50 1 1
github.com/IBM/ibmcloud-volume-file-vpc/file/provider/create_volume.go:143.2,143.112 1 1
github.com/IBM/ibmcloud-volume-file-vpc/file/provider/create_volume.go:147.2,147.55 1 1
github.com/IBM/ibmcloud-volume-file-vpc/file/provider/create_volume.go:150.2,150.57 1 1
github.com/IBM/ibmcloud-volume-file-vpc/file/provider/create_volume.go:154.2,154.33 1 1
github.com/IBM/ibmcloud-volume-file-vpc/file/provider/create_volume.go:113.31,115.3 1 1
github.com/IBM/ibmcloud-volume-file-vpc/file/provider/create_volume.go:115.8,115.42 1 1
github.com/IBM/ibmcloud-volume-file-vpc/file/provider/create_volume.go:115.42,117.3 1 1
github.com/IBM/ibmcloud-volume-file-vpc/file/provider/create_volume.go:120.35,122.3 1 1
github.com/IBM/ibmcloud-volume-file-vpc/file/provider/create_volume.go:122.8,122.46 1 1
github.com/IBM/ibmcloud-volume-file-vpc/file/provider/create_volume.go:122.46,124.3 1 1
github.com/IBM/ibmcloud-volume-file-vpc/file/provider/create_volume.go:127.31,129.3 1 1
github.com/IBM/ibmcloud-volume-file-vpc/file/provider/create_volume.go:130.44,132.3 1 0
github.com/IBM/ibmcloud-volume-file-vpc/file/provider/create_volume.go:133.71,135.3 1 1
github.com/IBM/ibmcloud-volume-file-vpc/file/provider/create_volume.go:138.50,140.3 1 1
github.com/IBM/ibmcloud-volume-file-vpc/file/provider/create_volume.go:143.112,145.3 1 1
github.com/IBM/ibmcloud-volume-file-vpc/file/provider/create_volume.go:147.55,149.3 1 1
github.com/IBM/ibmcloud-volume-file-vpc/file/provider/create_volume.go:150.57,153.3 1 1
github.com/IBM/ibmcloud-volume-file-vpc/file/provider/list_volumes.go:38.116,43.15 4 1
github.com/IBM/ibmcloud-volume-file-vpc/file/provider/list_volumes.go:47.2,47.22 1 1
github.com/IBM/ibmcloud-volume-file-vpc/file/provider/list_volumes.go:52.2,61.40 5 1
github.com/IBM/ibmcloud-volume-file-vpc/file/provider/list_volumes.go:66.2,66.16 1 1
github.com/IBM/ibmcloud-volume-file-vpc/file/provider/list_volumes.go:73.2,76.20 3 1
github.com/IBM/ibmcloud-volume-file-vpc/file/provider/list_volumes.go:96.2,96.29 1 1
github.com/IBM/ibmcloud-volume-file-vpc/file/provider/list_volumes.go:43.15,45.3 1 1
github.com/IBM/ibmcloud-volume-file-vpc/file/provider/list_volumes.go:47.22,50.3 2 0
github.com/IBM/ibmcloud-volume-file-vpc/file/provider/list_volumes.go:61.40,64.3 2 1
github.com/IBM/ibmcloud-volume-file-vpc/file/provider/list_volumes.go:66.16,67.62 1 1
github.com/IBM/ibmcloud-volume-file-vpc/file/provider/list_volumes.go:70.3,70.63 1 1
github.com/IBM/ibmcloud-volume-file-vpc/file/provider/list_volumes.go:67.62,69.4 1 1
github.com/IBM/ibmcloud-volume-file-vpc/file/provider/list_volumes.go:76.20,77.26 1 1
github.com/IBM/ibmcloud-volume-file-vpc/file/provider/list_volumes.go:88.3,89.27 2 1
github.com/IBM/ibmcloud-volume-file-vpc/file/provider/list_volumes.go:77.26,80.53 2 1
github.com/IBM/ibmcloud-volume-file-vpc/file/provider/list_volumes.go:85.4,85.31 1 1
github.com/IBM/ibmcloud-volume-file-vpc/file/provider/list_volumes.go:80.53,82.5 1 0
github.com/IBM/ibmcloud-volume-file-vpc/file/provider/list_volumes.go:82.10,84.5 1 1
github.com/IBM/ibmcloud-volume-file-vpc/file/provider/list_volumes.go:89.27,90.40 1 1
github.com/IBM/ibmcloud-volume-file-vpc/file/provider/list_volumes.go:90.40,93.5 2 1
github.com/IBM/ibmcloud-volume-file-vpc/file/provider/session.go:51.29,53.2 0 1
github.com/IBM/ibmcloud-volume-file-vpc/file/provider/session.go:56.74,58.2 1 1
github.com/IBM/ibmcloud-volume-file-vpc/file/provider/session.go:61.64,63.2 1 1
github.com/IBM/ibmcloud-volume-file-vpc/file/provider/session.go:66.52,68.2 1 1
github.com/IBM/ibmcloud-volume-file-vpc/file/provider/update_volume.go:27.75,29.2 1 1
github.com/IBM/ibmcloud-volume-file-vpc/file/provider/create_volume_access_point.go:43.154,50.16 7 1
github.com/IBM/ibmcloud-volume-file-vpc/file/provider/create_volume_access_point.go:53.2,61.67 6 1
github.com/IBM/ibmcloud-volume-file-vpc/file/provider/create_volume_access_point.go:122.2,122.16 1 1
github.com/IBM/ibmcloud-volume-file-vpc/file/provider/create_volume_access_point.go:126.2,128.18 3 1
github.com/IBM/ibmcloud-volume-file-vpc/file/provider/create_volume_access_point.go:50.16,52.3 1 1
github.com/IBM/ibmcloud-volume-file-vpc/file/provider/create_volume_access_point.go:61.67,67.49 3 1
github.com/IBM/ibmcloud-volume-file-vpc/file/provider/create_volume_access_point.go:74.3,74.70 1 1
github.com/IBM/ibmcloud-volume-file-vpc/file/provider/create_volume_access_point.go:111.3,114.51 3 1
github.com/IBM/ibmcloud-volume-file-vpc/file/provider/create_volume_access_point.go:117.3,119.19 2 1
github.com/IBM/ibmcloud-volume-file-vpc/file/provider/create_volume_access_point.go:67.49,71.4 3 1
github.com/IBM/ibmcloud-volume-file-vpc/file/provider/create_volume_access_point.go:74.70,83.100 4 0
github.com/IBM/ibmcloud-volume-file-vpc/file/provider/create_volume_access_point.go:104.4,104.49 1 0
github.com/IBM/ibmcloud-volume-file-vpc/file/provider/create_volume_access_point.go:83.100,85.52 1 0
github.com/IBM/ibmcloud-volume-file-vpc/file/provider/create_volume_access_point.go:99.5,101.6 1 0
github.com/IBM/ibmcloud-volume-file-vpc/file/provider/create_volume_access_point.go:85.52,89.37 3 0
github.com/IBM/ibmcloud-volume-file-vpc/file/provider/create_volume_access_point.go:92.6,92.26 1 0
github.com/IBM/ibmcloud-volume-file-vpc/file/provider/create_volume_access_point.go:89.37,91.7 1 0
github.com/IBM/ibmcloud-volume-file-vpc/file/provider/create_volume_access_point.go:94.11,97.6 2 0
github.com/IBM/ibmcloud-volume-file-vpc/file/provider/create_volume_access_point.go:104.49,107.5 2 0
github.com/IBM/ibmcloud-volume-file-vpc/file/provider/create_volume_access_point.go:114.51,116.4 1 1
github.com/IBM/ibmcloud-volume-file-vpc/file/provider/create_volume_access_point.go:122.16,125.3 2 1
github.com/IBM/ibmcloud-volume-file-vpc/file/provider/create_volume_access_point.go:132.124,135.49 2 1
github.com/IBM/ibmcloud-volume-file-vpc/file/provider/create_volume_access_point.go:142.2,142.145 1 1
github.com/IBM/ibmcloud-volume-file-vpc/file/provider/create_volume_access_point.go:147.2,147.12 1 1
github.com/IBM/ibmcloud-volume-file-vpc/file/provider/create_volume_access_point.go:135.49,139.3 3 1
github.com/IBM/ibmcloud-volume-file-vpc/file/provider/create_volume_access_point.go:142.145,146.3 3 1
github.com/IBM/ibmcloud-volume-file-vpc/file/provider/create_volume_access_point.go:151.119,160.2 6 0
github.com/IBM/ibmcloud-volume-file-vpc/file/provider/create_volume_access_point.go:162.133,172.6 8 0
github.com/IBM/ibmcloud-volume-file-vpc/file/provider/create_volume_access_point.go:217.2,219.21 3 0
github.com/IBM/ibmcloud-volume-file-vpc/file/provider/create_volume_access_point.go:172.6,176.17 2 0
github.com/IBM/ibmcloud-volume-file-vpc/file/provider/create_volume_access_point.go:183.3,183.21 1 0
github.com/IBM/ibmcloud-volume-file-vpc/file/provider/create_volume_access_point.go:176.17,180.4 2 0
github.com/IBM/ibmcloud-volume-file-vpc/file/provider/create_volume_access_point.go:183.21,185.42 2 0
github.com/IBM/ibmcloud-volume-file-vpc/file/provider/create_volume_access_point.go:193.4,193.27 1 0
github.com/IBM/ibmcloud-volume-file-vpc/file/provider/create_volume_access_point.go:198.4,199.18 2 0
github.com/IBM/ibmcloud-volume-file-vpc/file/provider/create_volume_access_point.go:205.4,207.19 3 0
github.com/IBM/ibmcloud-volume-file-vpc/file/provider/create_volume_access_point.go:185.42,187.242 1 0
github.com/IBM/ibmcloud-volume-file-vpc/file/provider/create_volume_access_point.go:187.242,190.6 2 0
github.com/IBM/ibmcloud-volume-file-vpc/file/provider/create_volume_access_point.go:193.27,194.10 1 0
github.com/IBM/ibmcloud-volume-file-vpc/file/provider/create_volume_access_point.go:199.18,203.5 2 0
github.com/IBM/ibmcloud-volume-file-vpc/file/provider/create_volume_access_point.go:207.19,211.5 2 0
